{"error":{},"level":"error","message":"uncaughtException: testimonials is not defined\nReferenceError: testimonials is not defined\n    at module.exports (C:\\Users\\HP\\Desktop\\Comprite Website\\backend\\startup\\routes.js:37:32)\n    at Object.<anonymous> (C:\\Users\\HP\\Desktop\\Comprite Website\\backend\\index.js:14:28)\n    at Module._compile (internal/modules/cjs/loader.js:1063:30)\n    at Object.Module._extensions..js (internal/modules/cjs/loader.js:1092:10)\n    at Module.load (internal/modules/cjs/loader.js:928:32)\n    at Function.Module._load (internal/modules/cjs/loader.js:769:14)\n    at Function.executeUserEntryPoint [as runMain] (internal/modules/run_main.js:72:12)\n    at internal/main/run_main_module.js:17:47","stack":"ReferenceError: testimonials is not defined\n    at module.exports (C:\\Users\\HP\\Desktop\\Comprite Website\\backend\\startup\\routes.js:37:32)\n    at Object.<anonymous> (C:\\Users\\HP\\Desktop\\Comprite Website\\backend\\index.js:14:28)\n    at Module._compile (internal/modules/cjs/loader.js:1063:30)\n    at Object.Module._extensions..js (internal/modules/cjs/loader.js:1092:10)\n    at Module.load (internal/modules/cjs/loader.js:928:32)\n    at Function.Module._load (internal/modules/cjs/loader.js:769:14)\n    at Function.executeUserEntryPoint [as runMain] (internal/modules/run_main.js:72:12)\n    at internal/main/run_main_module.js:17:47","exception":true,"date":"Mon Apr 19 2021 10:33:34 GMT+0300 (East Africa Time)","process":{"pid":11512,"uid":null,"gid":null,"cwd":"C:\\Users\\HP\\Desktop\\Comprite Website\\backend","execPath":"C:\\Program Files\\nodejs\\node.exe","version":"v14.16.0","argv":["C:\\Program Files\\nodejs\\node.exe","C:\\Users\\HP\\Desktop\\Comprite Website\\backend\\index.js"],"memoryUsage":{"rss":53084160,"heapTotal":29802496,"heapUsed":25896256,"external":19919216,"arrayBuffers":18335362}},"os":{"loadavg":[0,0,0],"uptime":273020},"trace":[{"column":32,"file":"C:\\Users\\HP\\Desktop\\Comprite Website\\backend\\startup\\routes.js","function":"module.exports","line":37,"method":"exports","native":false},{"column":28,"file":"C:\\Users\\HP\\Desktop\\Comprite Website\\backend\\index.js","function":null,"line":14,"method":null,"native":false},{"column":30,"file":"internal/modules/cjs/loader.js","function":"Module._compile","line":1063,"method":"_compile","native":false},{"column":10,"file":"internal/modules/cjs/loader.js","function":"Module._extensions..js","line":1092,"method":".js","native":false},{"column":32,"file":"internal/modules/cjs/loader.js","function":"Module.load","line":928,"method":"load","native":false},{"column":14,"file":"internal/modules/cjs/loader.js","function":"Module._load","line":769,"method":"_load","native":false},{"column":12,"file":"internal/modules/run_main.js","function":"Function.executeUserEntryPoint [as runMain]","line":72,"method":"executeUserEntryPoint [as runMain]","native":false},{"column":47,"file":"internal/main/run_main_module.js","function":null,"line":17,"method":null,"native":false}]}
{"error":{},"level":"error","message":"uncaughtException: testimonials is not defined\nReferenceError: testimonials is not defined\n    at module.exports (C:\\Users\\HP\\Desktop\\Comprite Website\\backend\\startup\\routes.js:37:32)\n    at Object.<anonymous> (C:\\Users\\HP\\Desktop\\Comprite Website\\backend\\index.js:14:28)\n    at Module._compile (internal/modules/cjs/loader.js:1063:30)\n    at Object.Module._extensions..js (internal/modules/cjs/loader.js:1092:10)\n    at Module.load (internal/modules/cjs/loader.js:928:32)\n    at Function.Module._load (internal/modules/cjs/loader.js:769:14)\n    at Function.executeUserEntryPoint [as runMain] (internal/modules/run_main.js:72:12)\n    at internal/main/run_main_module.js:17:47","stack":"ReferenceError: testimonials is not defined\n    at module.exports (C:\\Users\\HP\\Desktop\\Comprite Website\\backend\\startup\\routes.js:37:32)\n    at Object.<anonymous> (C:\\Users\\HP\\Desktop\\Comprite Website\\backend\\index.js:14:28)\n    at Module._compile (internal/modules/cjs/loader.js:1063:30)\n    at Object.Module._extensions..js (internal/modules/cjs/loader.js:1092:10)\n    at Module.load (internal/modules/cjs/loader.js:928:32)\n    at Function.Module._load (internal/modules/cjs/loader.js:769:14)\n    at Function.executeUserEntryPoint [as runMain] (internal/modules/run_main.js:72:12)\n    at internal/main/run_main_module.js:17:47","exception":true,"date":"Mon Apr 19 2021 10:34:16 GMT+0300 (East Africa Time)","process":{"pid":2424,"uid":null,"gid":null,"cwd":"C:\\Users\\HP\\Desktop\\Comprite Website\\backend","execPath":"C:\\Program Files\\nodejs\\node.exe","version":"v14.16.0","argv":["C:\\Program Files\\nodejs\\node.exe","C:\\Users\\HP\\Desktop\\Comprite Website\\backend\\index.js"],"memoryUsage":{"rss":73461760,"heapTotal":55230464,"heapUsed":36514960,"external":21147942,"arrayBuffers":19564088}},"os":{"loadavg":[0,0,0],"uptime":273062},"trace":[{"column":32,"file":"C:\\Users\\HP\\Desktop\\Comprite Website\\backend\\startup\\routes.js","function":"module.exports","line":37,"method":"exports","native":false},{"column":28,"file":"C:\\Users\\HP\\Desktop\\Comprite Website\\backend\\index.js","function":null,"line":14,"method":null,"native":false},{"column":30,"file":"internal/modules/cjs/loader.js","function":"Module._compile","line":1063,"method":"_compile","native":false},{"column":10,"file":"internal/modules/cjs/loader.js","function":"Module._extensions..js","line":1092,"method":".js","native":false},{"column":32,"file":"internal/modules/cjs/loader.js","function":"Module.load","line":928,"method":"load","native":false},{"column":14,"file":"internal/modules/cjs/loader.js","function":"Module._load","line":769,"method":"_load","native":false},{"column":12,"file":"internal/modules/run_main.js","function":"Function.executeUserEntryPoint [as runMain]","line":72,"method":"executeUserEntryPoint [as runMain]","native":false},{"column":47,"file":"internal/main/run_main_module.js","function":null,"line":17,"method":null,"native":false}]}
{"error":{},"level":"error","message":"uncaughtException: testimonials is not defined\nReferenceError: testimonials is not defined\n    at module.exports (C:\\Users\\HP\\Desktop\\Comprite Website\\backend\\startup\\routes.js:37:32)\n    at Object.<anonymous> (C:\\Users\\HP\\Desktop\\Comprite Website\\backend\\index.js:14:28)\n    at Module._compile (internal/modules/cjs/loader.js:1063:30)\n    at Object.Module._extensions..js (internal/modules/cjs/loader.js:1092:10)\n    at Module.load (internal/modules/cjs/loader.js:928:32)\n    at Function.Module._load (internal/modules/cjs/loader.js:769:14)\n    at Function.executeUserEntryPoint [as runMain] (internal/modules/run_main.js:72:12)\n    at internal/main/run_main_module.js:17:47","stack":"ReferenceError: testimonials is not defined\n    at module.exports (C:\\Users\\HP\\Desktop\\Comprite Website\\backend\\startup\\routes.js:37:32)\n    at Object.<anonymous> (C:\\Users\\HP\\Desktop\\Comprite Website\\backend\\index.js:14:28)\n    at Module._compile (internal/modules/cjs/loader.js:1063:30)\n    at Object.Module._extensions..js (internal/modules/cjs/loader.js:1092:10)\n    at Module.load (internal/modules/cjs/loader.js:928:32)\n    at Function.Module._load (internal/modules/cjs/loader.js:769:14)\n    at Function.executeUserEntryPoint [as runMain] (internal/modules/run_main.js:72:12)\n    at internal/main/run_main_module.js:17:47","exception":true,"date":"Mon Apr 19 2021 10:34:32 GMT+0300 (East Africa Time)","process":{"pid":12736,"uid":null,"gid":null,"cwd":"C:\\Users\\HP\\Desktop\\Comprite Website\\backend","execPath":"C:\\Program Files\\nodejs\\node.exe","version":"v14.16.0","argv":["C:\\Program Files\\nodejs\\node.exe","C:\\Users\\HP\\Desktop\\Comprite Website\\backend\\index.js"],"memoryUsage":{"rss":73846784,"heapTotal":56016896,"heapUsed":25517144,"external":21246061,"arrayBuffers":18327653}},"os":{"loadavg":[0,0,0],"uptime":273078},"trace":[{"column":32,"file":"C:\\Users\\HP\\Desktop\\Comprite Website\\backend\\startup\\routes.js","function":"module.exports","line":37,"method":"exports","native":false},{"column":28,"file":"C:\\Users\\HP\\Desktop\\Comprite Website\\backend\\index.js","function":null,"line":14,"method":null,"native":false},{"column":30,"file":"internal/modules/cjs/loader.js","function":"Module._compile","line":1063,"method":"_compile","native":false},{"column":10,"file":"internal/modules/cjs/loader.js","function":"Module._extensions..js","line":1092,"method":".js","native":false},{"column":32,"file":"internal/modules/cjs/loader.js","function":"Module.load","line":928,"method":"load","native":false},{"column":14,"file":"internal/modules/cjs/loader.js","function":"Module._load","line":769,"method":"_load","native":false},{"column":12,"file":"internal/modules/run_main.js","function":"Function.executeUserEntryPoint [as runMain]","line":72,"method":"executeUserEntryPoint [as runMain]","native":false},{"column":47,"file":"internal/main/run_main_module.js","function":null,"line":17,"method":null,"native":false}]}
{"error":{},"level":"error","message":"uncaughtException: testimonials is not defined\nReferenceError: testimonials is not defined\n    at module.exports (C:\\Users\\HP\\Desktop\\Comprite Website\\backend\\startup\\routes.js:37:32)\n    at Object.<anonymous> (C:\\Users\\HP\\Desktop\\Comprite Website\\backend\\index.js:14:28)\n    at Module._compile (internal/modules/cjs/loader.js:1063:30)\n    at Object.Module._extensions..js (internal/modules/cjs/loader.js:1092:10)\n    at Module.load (internal/modules/cjs/loader.js:928:32)\n    at Function.Module._load (internal/modules/cjs/loader.js:769:14)\n    at Function.executeUserEntryPoint [as runMain] (internal/modules/run_main.js:72:12)\n    at internal/main/run_main_module.js:17:47","stack":"ReferenceError: testimonials is not defined\n    at module.exports (C:\\Users\\HP\\Desktop\\Comprite Website\\backend\\startup\\routes.js:37:32)\n    at Object.<anonymous> (C:\\Users\\HP\\Desktop\\Comprite Website\\backend\\index.js:14:28)\n    at Module._compile (internal/modules/cjs/loader.js:1063:30)\n    at Object.Module._extensions..js (internal/modules/cjs/loader.js:1092:10)\n    at Module.load (internal/modules/cjs/loader.js:928:32)\n    at Function.Module._load (internal/modules/cjs/loader.js:769:14)\n    at Function.executeUserEntryPoint [as runMain] (internal/modules/run_main.js:72:12)\n    at internal/main/run_main_module.js:17:47","exception":true,"date":"Mon Apr 19 2021 10:36:39 GMT+0300 (East Africa Time)","process":{"pid":5588,"uid":null,"gid":null,"cwd":"C:\\Users\\HP\\Desktop\\Comprite Website\\backend","execPath":"C:\\Program Files\\nodejs\\node.exe","version":"v14.16.0","argv":["C:\\Program Files\\nodejs\\node.exe","C:\\Users\\HP\\Desktop\\Comprite Website\\backend\\index.js"],"memoryUsage":{"rss":73469952,"heapTotal":54706176,"heapUsed":37066896,"external":21167644,"arrayBuffers":19583790}},"os":{"loadavg":[0,0,0],"uptime":273204},"trace":[{"column":32,"file":"C:\\Users\\HP\\Desktop\\Comprite Website\\backend\\startup\\routes.js","function":"module.exports","line":37,"method":"exports","native":false},{"column":28,"file":"C:\\Users\\HP\\Desktop\\Comprite Website\\backend\\index.js","function":null,"line":14,"method":null,"native":false},{"column":30,"file":"internal/modules/cjs/loader.js","function":"Module._compile","line":1063,"method":"_compile","native":false},{"column":10,"file":"internal/modules/cjs/loader.js","function":"Module._extensions..js","line":1092,"method":".js","native":false},{"column":32,"file":"internal/modules/cjs/loader.js","function":"Module.load","line":928,"method":"load","native":false},{"column":14,"file":"internal/modules/cjs/loader.js","function":"Module._load","line":769,"method":"_load","native":false},{"column":12,"file":"internal/modules/run_main.js","function":"Function.executeUserEntryPoint [as runMain]","line":72,"method":"executeUserEntryPoint [as runMain]","native":false},{"column":47,"file":"internal/main/run_main_module.js","function":null,"line":17,"method":null,"native":false}]}
{"error":{},"level":"error","message":"uncaughtException: testimonials is not defined\nReferenceError: testimonials is not defined\n    at module.exports (C:\\Users\\HP\\Desktop\\Comprite Website\\backend\\startup\\routes.js:37:32)\n    at Object.<anonymous> (C:\\Users\\HP\\Desktop\\Comprite Website\\backend\\index.js:14:28)\n    at Module._compile (internal/modules/cjs/loader.js:1063:30)\n    at Object.Module._extensions..js (internal/modules/cjs/loader.js:1092:10)\n    at Module.load (internal/modules/cjs/loader.js:928:32)\n    at Function.Module._load (internal/modules/cjs/loader.js:769:14)\n    at Function.executeUserEntryPoint [as runMain] (internal/modules/run_main.js:72:12)\n    at internal/main/run_main_module.js:17:47","stack":"ReferenceError: testimonials is not defined\n    at module.exports (C:\\Users\\HP\\Desktop\\Comprite Website\\backend\\startup\\routes.js:37:32)\n    at Object.<anonymous> (C:\\Users\\HP\\Desktop\\Comprite Website\\backend\\index.js:14:28)\n    at Module._compile (internal/modules/cjs/loader.js:1063:30)\n    at Object.Module._extensions..js (internal/modules/cjs/loader.js:1092:10)\n    at Module.load (internal/modules/cjs/loader.js:928:32)\n    at Function.Module._load (internal/modules/cjs/loader.js:769:14)\n    at Function.executeUserEntryPoint [as runMain] (internal/modules/run_main.js:72:12)\n    at internal/main/run_main_module.js:17:47","exception":true,"date":"Mon Apr 19 2021 10:37:30 GMT+0300 (East Africa Time)","process":{"pid":9464,"uid":null,"gid":null,"cwd":"C:\\Users\\HP\\Desktop\\Comprite Website\\backend","execPath":"C:\\Program Files\\nodejs\\node.exe","version":"v14.16.0","argv":["C:\\Program Files\\nodejs\\node.exe","C:\\Users\\HP\\Desktop\\Comprite Website\\backend\\index.js"],"memoryUsage":{"rss":73601024,"heapTotal":54706176,"heapUsed":37071960,"external":21166497,"arrayBuffers":19582643}},"os":{"loadavg":[0,0,0],"uptime":273255},"trace":[{"column":32,"file":"C:\\Users\\HP\\Desktop\\Comprite Website\\backend\\startup\\routes.js","function":"module.exports","line":37,"method":"exports","native":false},{"column":28,"file":"C:\\Users\\HP\\Desktop\\Comprite Website\\backend\\index.js","function":null,"line":14,"method":null,"native":false},{"column":30,"file":"internal/modules/cjs/loader.js","function":"Module._compile","line":1063,"method":"_compile","native":false},{"column":10,"file":"internal/modules/cjs/loader.js","function":"Module._extensions..js","line":1092,"method":".js","native":false},{"column":32,"file":"internal/modules/cjs/loader.js","function":"Module.load","line":928,"method":"load","native":false},{"column":14,"file":"internal/modules/cjs/loader.js","function":"Module._load","line":769,"method":"_load","native":false},{"column":12,"file":"internal/modules/run_main.js","function":"Function.executeUserEntryPoint [as runMain]","line":72,"method":"executeUserEntryPoint [as runMain]","native":false},{"column":47,"file":"internal/main/run_main_module.js","function":null,"line":17,"method":null,"native":false}]}
{"error":{},"level":"error","message":"uncaughtException: testimonials is not defined\nReferenceError: testimonials is not defined\n    at module.exports (C:\\Users\\HP\\Desktop\\Comprite Website\\backend\\startup\\routes.js:37:32)\n    at Object.<anonymous> (C:\\Users\\HP\\Desktop\\Comprite Website\\backend\\index.js:14:28)\n    at Module._compile (internal/modules/cjs/loader.js:1063:30)\n    at Object.Module._extensions..js (internal/modules/cjs/loader.js:1092:10)\n    at Module.load (internal/modules/cjs/loader.js:928:32)\n    at Function.Module._load (internal/modules/cjs/loader.js:769:14)\n    at Function.executeUserEntryPoint [as runMain] (internal/modules/run_main.js:72:12)\n    at internal/main/run_main_module.js:17:47","stack":"ReferenceError: testimonials is not defined\n    at module.exports (C:\\Users\\HP\\Desktop\\Comprite Website\\backend\\startup\\routes.js:37:32)\n    at Object.<anonymous> (C:\\Users\\HP\\Desktop\\Comprite Website\\backend\\index.js:14:28)\n    at Module._compile (internal/modules/cjs/loader.js:1063:30)\n    at Object.Module._extensions..js (internal/modules/cjs/loader.js:1092:10)\n    at Module.load (internal/modules/cjs/loader.js:928:32)\n    at Function.Module._load (internal/modules/cjs/loader.js:769:14)\n    at Function.executeUserEntryPoint [as runMain] (internal/modules/run_main.js:72:12)\n    at internal/main/run_main_module.js:17:47","exception":true,"date":"Mon Apr 19 2021 10:38:08 GMT+0300 (East Africa Time)","process":{"pid":12312,"uid":null,"gid":null,"cwd":"C:\\Users\\HP\\Desktop\\Comprite Website\\backend","execPath":"C:\\Program Files\\nodejs\\node.exe","version":"v14.16.0","argv":["C:\\Program Files\\nodejs\\node.exe","C:\\Users\\HP\\Desktop\\Comprite Website\\backend\\index.js"],"memoryUsage":{"rss":73326592,"heapTotal":54968320,"heapUsed":36647888,"external":21168543,"arrayBuffers":19584689}},"os":{"loadavg":[0,0,0],"uptime":273293},"trace":[{"column":32,"file":"C:\\Users\\HP\\Desktop\\Comprite Website\\backend\\startup\\routes.js","function":"module.exports","line":37,"method":"exports","native":false},{"column":28,"file":"C:\\Users\\HP\\Desktop\\Comprite Website\\backend\\index.js","function":null,"line":14,"method":null,"native":false},{"column":30,"file":"internal/modules/cjs/loader.js","function":"Module._compile","line":1063,"method":"_compile","native":false},{"column":10,"file":"internal/modules/cjs/loader.js","function":"Module._extensions..js","line":1092,"method":".js","native":false},{"column":32,"file":"internal/modules/cjs/loader.js","function":"Module.load","line":928,"method":"load","native":false},{"column":14,"file":"internal/modules/cjs/loader.js","function":"Module._load","line":769,"method":"_load","native":false},{"column":12,"file":"internal/modules/run_main.js","function":"Function.executeUserEntryPoint [as runMain]","line":72,"method":"executeUserEntryPoint [as runMain]","native":false},{"column":47,"file":"internal/main/run_main_module.js","function":null,"line":17,"method":null,"native":false}]}
